<?xml version="1.0" encoding="UTF-8"?>
<!-- Generated by org.testng.reporters.JUnitReportReporter -->
<testsuite hostname="DESKTOP-TNDF61A" failures="0" tests="4" name="testpackage.Testproject" time="165.903" errors="0" timestamp="2024-11-15T10:08:27 IST" skipped="0">
  <testcase classname="testpackage.Testproject" name="testverifytitle" time="63.432"/>
  <system-out/>
  <testcase classname="testpackage.Testproject" name="loginoption" time="34.418"/>
  <system-out/>
  <testcase classname="testpackage.Testproject" name="loginpagedetails" time="38.162"/>
  <system-out/>
  <testcase classname="testpackage.Testproject" name="accountinfo" time="29.891"/>
  <system-out/>
</testsuite> <!-- testpackage.Testproject -->
